<?xml version="1.0" encoding="UTF-8"?>
<testng-results skipped="0" failed="1" ignored="0" total="2" passed="1">
  <reporter-output>
  </reporter-output>
  <suite name="Default suite" duration-ms="41915" started-at="2018-07-09T00:54:39Z" finished-at="2018-07-09T00:55:21Z">
    <groups>
    </groups>
    <test name="Default test" duration-ms="41915" started-at="2018-07-09T00:54:39Z" finished-at="2018-07-09T00:55:21Z">
      <class name="ethoca_test.riley_shoppingkart.TestBuySingleItem">
        <test-method status="PASS" signature="setUpLogging()[pri:0, instance:ethoca_test.riley_shoppingkart.TestBuySingleItem@491cc5c9]" name="setUpLogging" is-config="true" duration-ms="8" started-at="2018-07-09T00:54:39Z" finished-at="2018-07-09T00:54:39Z">
          <reporter-output>
          </reporter-output>
        </test-method> <!-- setUpLogging -->
        <test-method status="PASS" signature="startSeleniumBrowser(java.lang.String)[pri:0, instance:ethoca_test.riley_shoppingkart.TestBuySingleItem@491cc5c9]" name="startSeleniumBrowser" is-config="true" duration-ms="3086" started-at="2018-07-09T00:54:39Z" finished-at="2018-07-09T00:54:42Z">
          <params>
            <param index="0">
              <value>
                <![CDATA[CHROME]]>
              </value>
            </param>
          </params>
          <reporter-output>
          </reporter-output>
        </test-method> <!-- startSeleniumBrowser -->
        <test-method status="PASS" signature="startTest()[pri:0, instance:ethoca_test.riley_shoppingkart.TestBuySingleItem@491cc5c9]" name="startTest" is-config="true" duration-ms="5219" started-at="2018-07-09T00:54:42Z" finished-at="2018-07-09T00:54:48Z">
          <reporter-output>
          </reporter-output>
        </test-method> <!-- startTest -->
        <test-method status="PASS" signature="testBuySingleItem(java.lang.String, java.lang.String, java.util.HashMap, boolean, java.util.HashMap)[pri:0, instance:ethoca_test.riley_shoppingkart.TestBuySingleItem@491cc5c9]" name="testBuySingleItem" duration-ms="14454" started-at="2018-07-09T00:54:48Z" data-provider="kartItemProvider" finished-at="2018-07-09T00:55:02Z">
          <params>
            <param index="0">
              <value>
                <![CDATA[Magic Mouse]]>
              </value>
            </param>
            <param index="1">
              <value>
                <![CDATA[john.smith@mailinator.com]]>
              </value>
            </param>
            <param index="2">
              <value>
                <![CDATA[{Address=221 Test Rd, FirstName=John, State=Ontario, Phone=666-7734, Country=Canada, LastName=Smith, City=Toronto, Postal=L1N2Q4}]]>
              </value>
            </param>
            <param index="3">
              <value>
                <![CDATA[true]]>
              </value>
            </param>
            <param index="4">
              <value is-null="true"/>
            </param>
          </params>
          <reporter-output>
          </reporter-output>
        </test-method> <!-- testBuySingleItem -->
        <test-method status="PASS" signature="startTest()[pri:0, instance:ethoca_test.riley_shoppingkart.TestBuySingleItem@491cc5c9]" name="startTest" is-config="true" duration-ms="3586" started-at="2018-07-09T00:55:02Z" finished-at="2018-07-09T00:55:06Z">
          <reporter-output>
          </reporter-output>
        </test-method> <!-- startTest -->
        <test-method status="FAIL" signature="testBuySingleItem(java.lang.String, java.lang.String, java.util.HashMap, boolean, java.util.HashMap)[pri:0, instance:ethoca_test.riley_shoppingkart.TestBuySingleItem@491cc5c9]" name="testBuySingleItem" duration-ms="13236" started-at="2018-07-09T00:55:06Z" data-provider="kartItemProvider" finished-at="2018-07-09T00:55:19Z">
          <params>
            <param index="0">
              <value>
                <![CDATA[Magic Mouse]]>
              </value>
            </param>
            <param index="1">
              <value>
                <![CDATA[qa@mailinator.com]]>
              </value>
            </param>
            <param index="2">
              <value>
                <![CDATA[{FirstName=John, State=Ontario, Phone=123-4567, Country=Canada, LastName=Johnson, City=Brampton, Postal=L5N2Z4}]]>
              </value>
            </param>
            <param index="3">
              <value>
                <![CDATA[false]]>
              </value>
            </param>
            <param index="4">
              <value>
                <![CDATA[{Address=221 Test Rd, FirstName=John, State=Ontario, Phone=666-7734, Country=Canada, LastName=Smith, City=Toronto, Postal=L1N2Q4}]]>
              </value>
            </param>
          </params>
          <exception class="org.openqa.selenium.TimeoutException">
            <message>
              <![CDATA[Expected condition failed: waiting for visibility of [[ChromeDriver: chrome on XP (7fe6cbaf2d7d17693691e01212b10b17)] -> id: wpsc_checkout_form_6] (tried for 10 second(s) with 500 milliseconds interval)
Build info: version: '3.13.0', revision: '2f0d292', time: '2018-06-25T15:24:21.231Z'
System info: host: 'AIRFORCEII', ip: '10.5.112.166', os.name: 'Windows 7', os.arch: 'amd64', os.version: '6.1', java.version: '1.8.0_40'
Driver info: org.openqa.selenium.chrome.ChromeDriver
Capabilities {acceptInsecureCerts: false, acceptSslCerts: false, applicationCacheEnabled: false, browserConnectionEnabled: false, browserName: chrome, chrome: {chromedriverVersion: 2.40.565498 (ea082db3280dd6..., userDataDir: C:\Users\USER\AppData\Local...}, cssSelectorsEnabled: true, databaseEnabled: false, handlesAlerts: true, hasTouchScreen: false, javascriptEnabled: true, locationContextEnabled: true, mobileEmulationEnabled: false, nativeEvents: true, networkConnectionEnabled: false, pageLoadStrategy: normal, platform: XP, platformName: XP, rotatable: false, setWindowRect: true, takesHeapSnapshot: true, takesScreenshot: true, unexpectedAlertBehaviour: , unhandledPromptBehavior: , version: 67.0.3396.99, webStorageEnabled: true}
Session ID: 7fe6cbaf2d7d17693691e01212b10b17]]>
            </message>
            <full-stacktrace>
              <![CDATA[org.openqa.selenium.TimeoutException: Expected condition failed: waiting for visibility of [[ChromeDriver: chrome on XP (7fe6cbaf2d7d17693691e01212b10b17)] -> id: wpsc_checkout_form_6] (tried for 10 second(s) with 500 milliseconds interval)
Build info: version: '3.13.0', revision: '2f0d292', time: '2018-06-25T15:24:21.231Z'
System info: host: 'AIRFORCEII', ip: '10.5.112.166', os.name: 'Windows 7', os.arch: 'amd64', os.version: '6.1', java.version: '1.8.0_40'
Driver info: org.openqa.selenium.chrome.ChromeDriver
Capabilities {acceptInsecureCerts: false, acceptSslCerts: false, applicationCacheEnabled: false, browserConnectionEnabled: false, browserName: chrome, chrome: {chromedriverVersion: 2.40.565498 (ea082db3280dd6..., userDataDir: C:\Users\USER\AppData\Local...}, cssSelectorsEnabled: true, databaseEnabled: false, handlesAlerts: true, hasTouchScreen: false, javascriptEnabled: true, locationContextEnabled: true, mobileEmulationEnabled: false, nativeEvents: true, networkConnectionEnabled: false, pageLoadStrategy: normal, platform: XP, platformName: XP, rotatable: false, setWindowRect: true, takesHeapSnapshot: true, takesScreenshot: true, unexpectedAlertBehaviour: , unhandledPromptBehavior: , version: 67.0.3396.99, webStorageEnabled: true}
Session ID: 7fe6cbaf2d7d17693691e01212b10b17
at org.openqa.selenium.support.ui.WebDriverWait.timeoutException(WebDriverWait.java:81)
at org.openqa.selenium.support.ui.FluentWait.until(FluentWait.java:271)
at ethoca_test.riley_shoppingkart.pages.CheckOutInfoPage.<init>(CheckOutInfoPage.java:72)
at ethoca_test.riley_shoppingkart.pages.CheckOutCartPage.clickContinue(CheckOutCartPage.java:48)
at ethoca_test.riley_shoppingkart.TestBuySingleItem.testBuySingleItem(TestBuySingleItem.java:83)
at sun.reflect.NativeMethodAccessorImpl.invoke0(Native Method)
at sun.reflect.NativeMethodAccessorImpl.invoke(NativeMethodAccessorImpl.java:62)
at sun.reflect.DelegatingMethodAccessorImpl.invoke(DelegatingMethodAccessorImpl.java:43)
at java.lang.reflect.Method.invoke(Method.java:497)
at org.testng.internal.MethodInvocationHelper.invokeMethod(MethodInvocationHelper.java:124)
at org.testng.internal.Invoker.invokeMethod(Invoker.java:583)
at org.testng.internal.Invoker.invokeTestMethod(Invoker.java:719)
at org.testng.internal.Invoker.invokeTestMethods(Invoker.java:989)
at org.testng.internal.TestMethodWorker.invokeTestMethods(TestMethodWorker.java:125)
at org.testng.internal.TestMethodWorker.run(TestMethodWorker.java:109)
at org.testng.TestRunner.privateRun(TestRunner.java:648)
at org.testng.TestRunner.run(TestRunner.java:505)
at org.testng.SuiteRunner.runTest(SuiteRunner.java:455)
at org.testng.SuiteRunner.runSequentially(SuiteRunner.java:450)
at org.testng.SuiteRunner.privateRun(SuiteRunner.java:415)
at org.testng.SuiteRunner.run(SuiteRunner.java:364)
at org.testng.SuiteRunnerWorker.runSuite(SuiteRunnerWorker.java:52)
at org.testng.SuiteRunnerWorker.run(SuiteRunnerWorker.java:84)
at org.testng.TestNG.runSuitesSequentially(TestNG.java:1208)
at org.testng.TestNG.runSuitesLocally(TestNG.java:1137)
at org.testng.TestNG.runSuites(TestNG.java:1049)
at org.testng.TestNG.run(TestNG.java:1017)
at org.testng.remote.AbstractRemoteTestNG.run(AbstractRemoteTestNG.java:114)
at org.testng.remote.RemoteTestNG.initAndRun(RemoteTestNG.java:251)
at org.testng.remote.RemoteTestNG.main(RemoteTestNG.java:77)
]]>
            </full-stacktrace>
          </exception> <!-- org.openqa.selenium.TimeoutException -->
          <reporter-output>
          </reporter-output>
        </test-method> <!-- testBuySingleItem -->
        <test-method status="PASS" signature="tearDownDriver()[pri:0, instance:ethoca_test.riley_shoppingkart.TestBuySingleItem@491cc5c9]" name="tearDownDriver" is-config="true" duration-ms="2318" started-at="2018-07-09T00:55:19Z" finished-at="2018-07-09T00:55:21Z">
          <reporter-output>
          </reporter-output>
        </test-method> <!-- tearDownDriver -->
      </class> <!-- ethoca_test.riley_shoppingkart.TestBuySingleItem -->
    </test> <!-- Default test -->
  </suite> <!-- Default suite -->
</testng-results>
