<?xml version="1.0" encoding="UTF-8"?>
<testng-results skipped="0" failed="1" ignored="0" total="2" passed="1">
  <reporter-output>
  </reporter-output>
  <suite name="Default suite" duration-ms="72912" started-at="2018-07-09T13:24:16Z" finished-at="2018-07-09T13:25:29Z">
    <groups>
    </groups>
    <test name="Default test" duration-ms="72912" started-at="2018-07-09T13:24:16Z" finished-at="2018-07-09T13:25:29Z">
      <class name="ethoca_test.riley_shoppingkart.TestBuySingleItem">
        <test-method status="PASS" signature="setUpLogging()[pri:0, instance:ethoca_test.riley_shoppingkart.TestBuySingleItem@ba2f4ec]" name="setUpLogging" is-config="true" duration-ms="10" started-at="2018-07-09T13:24:16Z" finished-at="2018-07-09T13:24:16Z">
          <reporter-output>
          </reporter-output>
        </test-method> <!-- setUpLogging -->
        <test-method status="PASS" signature="startSeleniumBrowser(java.lang.String)[pri:0, instance:ethoca_test.riley_shoppingkart.TestBuySingleItem@ba2f4ec]" name="startSeleniumBrowser" is-config="true" duration-ms="2812" started-at="2018-07-09T13:24:16Z" finished-at="2018-07-09T13:24:19Z">
          <params>
            <param index="0">
              <value>
                <![CDATA[CHROME]]>
              </value>
            </param>
          </params>
          <reporter-output>
          </reporter-output>
        </test-method> <!-- startSeleniumBrowser -->
        <test-method status="PASS" signature="startTest()[pri:0, instance:ethoca_test.riley_shoppingkart.TestBuySingleItem@ba2f4ec]" name="startTest" is-config="true" duration-ms="13467" started-at="2018-07-09T13:24:19Z" finished-at="2018-07-09T13:24:32Z">
          <reporter-output>
          </reporter-output>
        </test-method> <!-- startTest -->
        <test-method status="PASS" signature="testBuySingleItem(java.lang.String, java.lang.String, java.util.HashMap, boolean, java.util.HashMap)[pri:0, instance:ethoca_test.riley_shoppingkart.TestBuySingleItem@ba2f4ec]" name="testBuySingleItem" duration-ms="49965" started-at="2018-07-09T13:24:32Z" data-provider="kartItemProvider" finished-at="2018-07-09T13:25:22Z">
          <params>
            <param index="0">
              <value>
                <![CDATA[Magic Mouse]]>
              </value>
            </param>
            <param index="1">
              <value>
                <![CDATA[john.smith@mailinator.com]]>
              </value>
            </param>
            <param index="2">
              <value>
                <![CDATA[{Address=221 Test Rd, FirstName=John, State=Ontario, Phone=666-7734, Country=Canada, LastName=Smith, City=Toronto, Postal=L1N2Q4}]]>
              </value>
            </param>
            <param index="3">
              <value>
                <![CDATA[true]]>
              </value>
            </param>
            <param index="4">
              <value is-null="true"/>
            </param>
          </params>
          <reporter-output>
          </reporter-output>
        </test-method> <!-- testBuySingleItem -->
        <test-method status="PASS" signature="startTest()[pri:0, instance:ethoca_test.riley_shoppingkart.TestBuySingleItem@ba2f4ec]" name="startTest" is-config="true" duration-ms="3022" started-at="2018-07-09T13:25:22Z" finished-at="2018-07-09T13:25:25Z">
          <reporter-output>
          </reporter-output>
        </test-method> <!-- startTest -->
        <test-method status="FAIL" signature="testBuySingleItem(java.lang.String, java.lang.String, java.util.HashMap, boolean, java.util.HashMap)[pri:0, instance:ethoca_test.riley_shoppingkart.TestBuySingleItem@ba2f4ec]" name="testBuySingleItem" duration-ms="3523" started-at="2018-07-09T13:25:25Z" data-provider="kartItemProvider" finished-at="2018-07-09T13:25:29Z">
          <params>
            <param index="0">
              <value>
                <![CDATA[Magic Mouse]]>
              </value>
            </param>
            <param index="1">
              <value>
                <![CDATA[qa@mailinator.com]]>
              </value>
            </param>
            <param index="2">
              <value>
                <![CDATA[{FirstName=John, State=Ontario, Phone=123-4567, Country=Canada, LastName=Johnson, City=Brampton, Postal=L5N2Z4}]]>
              </value>
            </param>
            <param index="3">
              <value>
                <![CDATA[false]]>
              </value>
            </param>
            <param index="4">
              <value>
                <![CDATA[{Address=221 Test Rd, FirstName=John, State=Ontario, Phone=666-7734, Country=Canada, LastName=Smith, City=Toronto, Postal=L1N2Q4}]]>
              </value>
            </param>
          </params>
          <exception class="org.openqa.selenium.NoSuchElementException">
            <message>
              <![CDATA[no such element: Unable to locate element: {"method":"xpath","selector":"//a[@class='step2' and ./span[contains(text(), 'Continue')]]"}
  (Session info: chrome=67.0.3396.99)
  (Driver info: chromedriver=2.40.565498 (ea082db3280dd6843ebfb08a625e3eb905c4f5ab),platform=Windows NT 6.1.7601 SP1 x86_64) (WARNING: The server did not provide any stacktrace information)
Command duration or timeout: 0 milliseconds
For documentation on this error, please visit: http://seleniumhq.org/exceptions/no_such_element.html
Build info: version: '3.13.0', revision: '2f0d292', time: '2018-06-25T15:24:21.231Z'
System info: host: 'AIRFORCEII', ip: '10.5.112.166', os.name: 'Windows 7', os.arch: 'amd64', os.version: '6.1', java.version: '1.8.0_40'
Driver info: org.openqa.selenium.chrome.ChromeDriver
Capabilities {acceptInsecureCerts: false, acceptSslCerts: false, applicationCacheEnabled: false, browserConnectionEnabled: false, browserName: chrome, chrome: {chromedriverVersion: 2.40.565498 (ea082db3280dd6..., userDataDir: C:\Users\USER\AppData\Local...}, cssSelectorsEnabled: true, databaseEnabled: false, handlesAlerts: true, hasTouchScreen: false, javascriptEnabled: true, locationContextEnabled: true, mobileEmulationEnabled: false, nativeEvents: true, networkConnectionEnabled: false, pageLoadStrategy: normal, platform: XP, platformName: XP, rotatable: false, setWindowRect: true, takesHeapSnapshot: true, takesScreenshot: true, unexpectedAlertBehaviour: , unhandledPromptBehavior: , version: 67.0.3396.99, webStorageEnabled: true}
Session ID: 7347c29730583b574ce1e3f8c41f6e0f
*** Element info: {Using=xpath, value=//a[@class='step2' and ./span[contains(text(), 'Continue')]]}]]>
            </message>
            <full-stacktrace>
              <![CDATA[org.openqa.selenium.NoSuchElementException: no such element: Unable to locate element: {"method":"xpath","selector":"//a[@class='step2' and ./span[contains(text(), 'Continue')]]"}
  (Session info: chrome=67.0.3396.99)
  (Driver info: chromedriver=2.40.565498 (ea082db3280dd6843ebfb08a625e3eb905c4f5ab),platform=Windows NT 6.1.7601 SP1 x86_64) (WARNING: The server did not provide any stacktrace information)
Command duration or timeout: 0 milliseconds
For documentation on this error, please visit: http://seleniumhq.org/exceptions/no_such_element.html
Build info: version: '3.13.0', revision: '2f0d292', time: '2018-06-25T15:24:21.231Z'
System info: host: 'AIRFORCEII', ip: '10.5.112.166', os.name: 'Windows 7', os.arch: 'amd64', os.version: '6.1', java.version: '1.8.0_40'
Driver info: org.openqa.selenium.chrome.ChromeDriver
Capabilities {acceptInsecureCerts: false, acceptSslCerts: false, applicationCacheEnabled: false, browserConnectionEnabled: false, browserName: chrome, chrome: {chromedriverVersion: 2.40.565498 (ea082db3280dd6..., userDataDir: C:\Users\USER\AppData\Local...}, cssSelectorsEnabled: true, databaseEnabled: false, handlesAlerts: true, hasTouchScreen: false, javascriptEnabled: true, locationContextEnabled: true, mobileEmulationEnabled: false, nativeEvents: true, networkConnectionEnabled: false, pageLoadStrategy: normal, platform: XP, platformName: XP, rotatable: false, setWindowRect: true, takesHeapSnapshot: true, takesScreenshot: true, unexpectedAlertBehaviour: , unhandledPromptBehavior: , version: 67.0.3396.99, webStorageEnabled: true}
Session ID: 7347c29730583b574ce1e3f8c41f6e0f
*** Element info: {Using=xpath, value=//a[@class='step2' and ./span[contains(text(), 'Continue')]]}
at sun.reflect.NativeConstructorAccessorImpl.newInstance0(Native Method)
at sun.reflect.NativeConstructorAccessorImpl.newInstance(NativeConstructorAccessorImpl.java:62)
at sun.reflect.DelegatingConstructorAccessorImpl.newInstance(DelegatingConstructorAccessorImpl.java:45)
at java.lang.reflect.Constructor.newInstance(Constructor.java:422)
at org.openqa.selenium.remote.ErrorHandler.createThrowable(ErrorHandler.java:214)
at org.openqa.selenium.remote.ErrorHandler.throwIfResponseFailed(ErrorHandler.java:166)
at org.openqa.selenium.remote.http.JsonHttpResponseCodec.reconstructValue(JsonHttpResponseCodec.java:40)
at org.openqa.selenium.remote.http.AbstractHttpResponseCodec.decode(AbstractHttpResponseCodec.java:80)
at org.openqa.selenium.remote.http.AbstractHttpResponseCodec.decode(AbstractHttpResponseCodec.java:44)
at org.openqa.selenium.remote.HttpCommandExecutor.execute(HttpCommandExecutor.java:158)
at org.openqa.selenium.remote.service.DriverCommandExecutor.execute(DriverCommandExecutor.java:83)
at org.openqa.selenium.remote.RemoteWebDriver.execute(RemoteWebDriver.java:548)
at org.openqa.selenium.remote.RemoteWebDriver.findElement(RemoteWebDriver.java:322)
at org.openqa.selenium.remote.RemoteWebDriver.findElementByXPath(RemoteWebDriver.java:424)
at org.openqa.selenium.By$ByXPath.findElement(By.java:353)
at org.openqa.selenium.remote.RemoteWebDriver.findElement(RemoteWebDriver.java:314)
at org.openqa.selenium.support.pagefactory.DefaultElementLocator.findElement(DefaultElementLocator.java:69)
at org.openqa.selenium.support.pagefactory.internal.LocatingElementHandler.invoke(LocatingElementHandler.java:38)
at com.sun.proxy.$Proxy14.click(Unknown Source)
at ethoca_test.riley_shoppingkart.pages.CheckOutCartPage.clickContinue(CheckOutCartPage.java:47)
at ethoca_test.riley_shoppingkart.TestBuySingleItem.testBuySingleItem(TestBuySingleItem.java:83)
at sun.reflect.NativeMethodAccessorImpl.invoke0(Native Method)
at sun.reflect.NativeMethodAccessorImpl.invoke(NativeMethodAccessorImpl.java:62)
at sun.reflect.DelegatingMethodAccessorImpl.invoke(DelegatingMethodAccessorImpl.java:43)
at java.lang.reflect.Method.invoke(Method.java:497)
at org.testng.internal.MethodInvocationHelper.invokeMethod(MethodInvocationHelper.java:124)
at org.testng.internal.Invoker.invokeMethod(Invoker.java:583)
at org.testng.internal.Invoker.invokeTestMethod(Invoker.java:719)
at org.testng.internal.Invoker.invokeTestMethods(Invoker.java:989)
at org.testng.internal.TestMethodWorker.invokeTestMethods(TestMethodWorker.java:125)
at org.testng.internal.TestMethodWorker.run(TestMethodWorker.java:109)
at org.testng.TestRunner.privateRun(TestRunner.java:648)
at org.testng.TestRunner.run(TestRunner.java:505)
at org.testng.SuiteRunner.runTest(SuiteRunner.java:455)
at org.testng.SuiteRunner.runSequentially(SuiteRunner.java:450)
at org.testng.SuiteRunner.privateRun(SuiteRunner.java:415)
at org.testng.SuiteRunner.run(SuiteRunner.java:364)
at org.testng.SuiteRunnerWorker.runSuite(SuiteRunnerWorker.java:52)
at org.testng.SuiteRunnerWorker.run(SuiteRunnerWorker.java:84)
at org.testng.TestNG.runSuitesSequentially(TestNG.java:1208)
at org.testng.TestNG.runSuitesLocally(TestNG.java:1137)
at org.testng.TestNG.runSuites(TestNG.java:1049)
at org.testng.TestNG.run(TestNG.java:1017)
at org.testng.remote.AbstractRemoteTestNG.run(AbstractRemoteTestNG.java:114)
at org.testng.remote.RemoteTestNG.initAndRun(RemoteTestNG.java:251)
at org.testng.remote.RemoteTestNG.main(RemoteTestNG.java:77)
]]>
            </full-stacktrace>
          </exception> <!-- org.openqa.selenium.NoSuchElementException -->
          <reporter-output>
          </reporter-output>
        </test-method> <!-- testBuySingleItem -->
        <test-method status="PASS" signature="tearDownDriver()[pri:0, instance:ethoca_test.riley_shoppingkart.TestBuySingleItem@ba2f4ec]" name="tearDownDriver" is-config="true" duration-ms="98" started-at="2018-07-09T13:25:29Z" finished-at="2018-07-09T13:25:29Z">
          <reporter-output>
          </reporter-output>
        </test-method> <!-- tearDownDriver -->
      </class> <!-- ethoca_test.riley_shoppingkart.TestBuySingleItem -->
    </test> <!-- Default test -->
  </suite> <!-- Default suite -->
</testng-results>
